Reading netlist file: "C:\Users\prana\Desktop\FPGA\fpga-code\basic_input\impl\gwsynthesis\basic_input.vg"
Parsing netlist file "C:\Users\prana\Desktop\FPGA\fpga-code\basic_input\impl\gwsynthesis\basic_input.vg" completed
Processing netlist completed
Reading constraint file: "C:\Users\prana\Desktop\FPGA\fpga-code\basic_input\src\basic_input.cst"
Physical Constraint parsed completed
Running placement......
[10%] Placement Phase 0 completed
[20%] Placement Phase 1 completed
[30%] Placement Phase 2 completed
WARN  (TA1132) :  'clock' was determined to be a clock but was not created.
[50%] Placement Phase 3 completed
Running routing......
[60%] Routing Phase 0 completed
[70%] Routing Phase 1 completed
[80%] Routing Phase 2 completed
[90%] Routing Phase 3 completed
Running timing analysis......
[95%] Timing analysis completed
Placement and routing completed
Bitstream generation in progress......
Bitstream generation completed
Running power analysis......
[100%] Power analysis completed
Generate file "C:\Users\prana\Desktop\FPGA\fpga-code\basic_input\impl\pnr\basic_input.power.html" completed
Generate file "C:\Users\prana\Desktop\FPGA\fpga-code\basic_input\impl\pnr\basic_input.pin.html" completed
Generate file "C:\Users\prana\Desktop\FPGA\fpga-code\basic_input\impl\pnr\basic_input.rpt.html" completed
Generate file "C:\Users\prana\Desktop\FPGA\fpga-code\basic_input\impl\pnr\basic_input.rpt.txt" completed
Generate file "C:\Users\prana\Desktop\FPGA\fpga-code\basic_input\impl\pnr\basic_input.tr.html" completed
Wed Jun  4 16:05:49 2025

