Reading netlist file: "C:\Users\prana\Desktop\4-Personal_Projects\FPGA\fpga-code\lushay_labs_led_blink\impl\gwsynthesis\lushay_labs_led_blink.vg"
Parsing netlist file "C:\Users\prana\Desktop\4-Personal_Projects\FPGA\fpga-code\lushay_labs_led_blink\impl\gwsynthesis\lushay_labs_led_blink.vg" completed
Processing netlist completed
Reading constraint file: "C:\Users\prana\Desktop\4-Personal_Projects\FPGA\fpga-code\lushay_labs_led_blink\src\lushay_labs_led_blink.cst"
Physical Constraint parsed completed
Running placement......
[10%] Placement Phase 0 completed
[20%] Placement Phase 1 completed
[30%] Placement Phase 2 completed
WARN  (TA1132) :  'clk' was determined to be a clock but was not created.
WARN  (TA1132) :  'clk_10Hz' was determined to be a clock but was not created.
[50%] Placement Phase 3 completed
Running routing......
[60%] Routing Phase 0 completed
[70%] Routing Phase 1 completed
[80%] Routing Phase 2 completed
[90%] Routing Phase 3 completed
Running timing analysis......
[95%] Timing analysis completed
Placement and routing completed
Bitstream generation in progress......
Bitstream generation completed
Running power analysis......
[100%] Power analysis completed
Generate file "C:\Users\prana\Desktop\4-Personal_Projects\FPGA\fpga-code\lushay_labs_led_blink\impl\pnr\lushay_labs_led_blink.power.html" completed
Generate file "C:\Users\prana\Desktop\4-Personal_Projects\FPGA\fpga-code\lushay_labs_led_blink\impl\pnr\lushay_labs_led_blink.pin.html" completed
Generate file "C:\Users\prana\Desktop\4-Personal_Projects\FPGA\fpga-code\lushay_labs_led_blink\impl\pnr\lushay_labs_led_blink.rpt.html" completed
Generate file "C:\Users\prana\Desktop\4-Personal_Projects\FPGA\fpga-code\lushay_labs_led_blink\impl\pnr\lushay_labs_led_blink.rpt.txt" completed
Generate file "C:\Users\prana\Desktop\4-Personal_Projects\FPGA\fpga-code\lushay_labs_led_blink\impl\pnr\lushay_labs_led_blink.tr.html" completed
Fri Jun  6 14:26:58 2025

