GowinSynthesis start
Running parser ...
Analyzing Verilog file 'C:\Users\prana\Desktop\FPGA\shift_registers\src\mac_fpga.v'
Analyzing Verilog file 'C:\Users\prana\Desktop\FPGA\shift_registers\src\pipo.v'
Analyzing Verilog file 'C:\Users\prana\Desktop\FPGA\shift_registers\src\sipo.v'
Compiling module 'shift_registers'("C:\Users\prana\Desktop\FPGA\shift_registers\src\mac_fpga.v":1)
Compiling module 'sipo(WIDTH=3)'("C:\Users\prana\Desktop\FPGA\shift_registers\src\sipo.v":8)
Compiling module 'pipo(WIDTH=6)'("C:\Users\prana\Desktop\FPGA\shift_registers\src\pipo.v":5)
NOTE  (EX0101) : Current top module is "shift_registers"
[5%] Running netlist conversion ...
Running device independent optimization ...
[10%] Optimizing Phase 0 completed
[15%] Optimizing Phase 1 completed
[25%] Optimizing Phase 2 completed
Running inference ...
[30%] Inferring Phase 0 completed
[40%] Inferring Phase 1 completed
[50%] Inferring Phase 2 completed
[55%] Inferring Phase 3 completed
Running technical mapping ...
[60%] Tech-Mapping Phase 0 completed
[65%] Tech-Mapping Phase 1 completed
[75%] Tech-Mapping Phase 2 completed
[80%] Tech-Mapping Phase 3 completed
[90%] Tech-Mapping Phase 4 completed
[95%] Generate netlist file "C:\Users\prana\Desktop\FPGA\shift_registers\impl\gwsynthesis\shift_registers.vg" completed
[100%] Generate report file "C:\Users\prana\Desktop\FPGA\shift_registers\impl\gwsynthesis\shift_registers_syn.rpt.html" completed
GowinSynthesis finish
