GowinSynthesis start
Running parser ...
Analyzing Verilog file 'C:\Users\prana\Desktop\4-Personal_Projects\FPGA\fpga-code\3_bit_counter\src\gowin_clkdiv\gowin_clkdiv.v'
Analyzing Verilog file 'C:\Users\prana\Desktop\4-Personal_Projects\FPGA\fpga-code\3_bit_counter\src\gowin_osc\gowin_osc.v'
Analyzing Verilog file 'C:\Users\prana\Desktop\4-Personal_Projects\FPGA\fpga-code\3_bit_counter\src\gowin_rpll\gowin_rpll.v'
Analyzing Verilog file 'C:\Users\prana\Desktop\4-Personal_Projects\FPGA\fpga-code\3_bit_counter\src\jk_flipflop.v'
Analyzing Verilog file 'C:\Users\prana\Desktop\4-Personal_Projects\FPGA\fpga-code\3_bit_counter\src\main.v'
Compiling module 'main'("C:\Users\prana\Desktop\4-Personal_Projects\FPGA\fpga-code\3_bit_counter\src\main.v":1)
WARN  (EX3780) : Using initial value of 'reset_reg' since it is never assigned("C:\Users\prana\Desktop\4-Personal_Projects\FPGA\fpga-code\3_bit_counter\src\main.v":18)
Compiling module 'Gowin_OSC'("C:\Users\prana\Desktop\4-Personal_Projects\FPGA\fpga-code\3_bit_counter\src\gowin_osc\gowin_osc.v":10)
Compiling module 'Gowin_rPLL'("C:\Users\prana\Desktop\4-Personal_Projects\FPGA\fpga-code\3_bit_counter\src\gowin_rpll\gowin_rpll.v":10)
Compiling module 'Gowin_CLKDIV'("C:\Users\prana\Desktop\4-Personal_Projects\FPGA\fpga-code\3_bit_counter\src\gowin_clkdiv\gowin_clkdiv.v":10)
Compiling module 'jk_flipflop'("C:\Users\prana\Desktop\4-Personal_Projects\FPGA\fpga-code\3_bit_counter\src\jk_flipflop.v":1)
NOTE  (EX0101) : Current top module is "main"
WARN  (EX0211) : The output port "led[2]" of module "main" has no driver, assigning undriven bits to Z, simulation mismatch possible("C:\Users\prana\Desktop\4-Personal_Projects\FPGA\fpga-code\3_bit_counter\src\main.v":4)
WARN  (EX0211) : The output port "led[1]" of module "main" has no driver, assigning undriven bits to Z, simulation mismatch possible("C:\Users\prana\Desktop\4-Personal_Projects\FPGA\fpga-code\3_bit_counter\src\main.v":4)
[5%] Running netlist conversion ...
Running device independent optimization ...
[10%] Optimizing Phase 0 completed
[15%] Optimizing Phase 1 completed
[25%] Optimizing Phase 2 completed
Running inference ...
[30%] Inferring Phase 0 completed
[40%] Inferring Phase 1 completed
[50%] Inferring Phase 2 completed
[55%] Inferring Phase 3 completed
Running technical mapping ...
[60%] Tech-Mapping Phase 0 completed
[65%] Tech-Mapping Phase 1 completed
[75%] Tech-Mapping Phase 2 completed
[80%] Tech-Mapping Phase 3 completed
[90%] Tech-Mapping Phase 4 completed
[95%] Generate netlist file "C:\Users\prana\Desktop\4-Personal_Projects\FPGA\fpga-code\3_bit_counter\impl\gwsynthesis\3_bit_counter.vg" completed
WARN  (CK3000) : The clock "osc/osc_inst/OSCOUT.default_clk"'s frequency does not match pll/rpll_inst's param "FCLKIN = "3.125""
WARN  (CK3000) : Can't calculate clocks' relationship between: "jk_flipflop_0/led_d[5]" and "clkDiv7/clkdiv_inst/CLKOUT.default_gen_clk"
[100%] Generate report file "C:\Users\prana\Desktop\4-Personal_Projects\FPGA\fpga-code\3_bit_counter\impl\gwsynthesis\3_bit_counter_syn.rpt.html" completed
GowinSynthesis finish
