Reading netlist file: "C:\Users\prana\Desktop\4-Personal_Projects\FPGA\fpga-code\dd_prac_sequence_detector\impl\gwsynthesis\dd_prac_sequence_detector.vg"
Parsing netlist file "C:\Users\prana\Desktop\4-Personal_Projects\FPGA\fpga-code\dd_prac_sequence_detector\impl\gwsynthesis\dd_prac_sequence_detector.vg" completed
Processing netlist completed
Reading constraint file: "C:\Users\prana\Desktop\4-Personal_Projects\FPGA\fpga-code\dd_prac_sequence_detector\src\dd_prac_sequence_detector.cst"
Physical Constraint parsed completed
Running placement......
[10%] Placement Phase 0 completed
[20%] Placement Phase 1 completed
[30%] Placement Phase 2 completed
WARN  (TA1132) :  'CLK_sig' was determined to be a clock but was not created.
[50%] Placement Phase 3 completed
Running routing......
[60%] Routing Phase 0 completed
[70%] Routing Phase 1 completed
[80%] Routing Phase 2 completed
[90%] Routing Phase 3 completed
Running timing analysis......
[95%] Timing analysis completed
Placement and routing completed
Bitstream generation in progress......
Bitstream generation completed
Running power analysis......
[100%] Power analysis completed
Generate file "C:\Users\prana\Desktop\4-Personal_Projects\FPGA\fpga-code\dd_prac_sequence_detector\impl\pnr\dd_prac_sequence_detector.power.html" completed
Generate file "C:\Users\prana\Desktop\4-Personal_Projects\FPGA\fpga-code\dd_prac_sequence_detector\impl\pnr\dd_prac_sequence_detector.pin.html" completed
Generate file "C:\Users\prana\Desktop\4-Personal_Projects\FPGA\fpga-code\dd_prac_sequence_detector\impl\pnr\dd_prac_sequence_detector.rpt.html" completed
Generate file "C:\Users\prana\Desktop\4-Personal_Projects\FPGA\fpga-code\dd_prac_sequence_detector\impl\pnr\dd_prac_sequence_detector.rpt.txt" completed
Generate file "C:\Users\prana\Desktop\4-Personal_Projects\FPGA\fpga-code\dd_prac_sequence_detector\impl\pnr\dd_prac_sequence_detector.tr.html" completed
Wed Jun 11 20:25:01 2025

