Reading netlist file: "C:\Users\prana\Desktop\FPGA\light_led\impl\gwsynthesis\light_led.vg"
Parsing netlist file "C:\Users\prana\Desktop\FPGA\light_led\impl\gwsynthesis\light_led.vg" completed
Processing netlist completed
Reading constraint file: "C:\Users\prana\Desktop\FPGA\light_led\src\light_led.cst"
Physical Constraint parsed completed
Running placement......
[10%] Placement Phase 0 completed
[20%] Placement Phase 1 completed
[30%] Placement Phase 2 completed
WARN  (TA1132) :  'sys_clk' was determined to be a clock but was not created.
[50%] Placement Phase 3 completed
Running routing......
[60%] Routing Phase 0 completed
[70%] Routing Phase 1 completed
[80%] Routing Phase 2 completed
[90%] Routing Phase 3 completed
Running timing analysis......
[95%] Timing analysis completed
Placement and routing completed
Bitstream generation in progress......
Bitstream generation completed
Running power analysis......
[100%] Power analysis completed
Generate file "C:\Users\prana\Desktop\FPGA\light_led\impl\pnr\light_led.power.html" completed
Generate file "C:\Users\prana\Desktop\FPGA\light_led\impl\pnr\light_led.pin.html" completed
Generate file "C:\Users\prana\Desktop\FPGA\light_led\impl\pnr\light_led.rpt.html" completed
Generate file "C:\Users\prana\Desktop\FPGA\light_led\impl\pnr\light_led.rpt.txt" completed
Generate file "C:\Users\prana\Desktop\FPGA\light_led\impl\pnr\light_led.tr.html" completed
Mon Jun  2 12:17:17 2025

