Reading netlist file: "C:\Users\prana\Desktop\FPGA\grug_huler_clock_blink\impl\gwsynthesis\grug_huler_clock_blink.vg"
Parsing netlist file "C:\Users\prana\Desktop\FPGA\grug_huler_clock_blink\impl\gwsynthesis\grug_huler_clock_blink.vg" completed
Processing netlist completed
Reading constraint file: "C:\Users\prana\Desktop\FPGA\grug_huler_clock_blink\src\grug_huler_clock_blink.cst"
Physical Constraint parsed completed
Running placement......
[10%] Placement Phase 0 completed
[20%] Placement Phase 1 completed
[30%] Placement Phase 2 completed
WARN  (TA1132) :  'clkDiv1/clkdiv_inst/CLKOUT.default_gen_clk' was determined to be a clock but was not created.
WARN  (TA1132) :  'clkDiv2/clkdiv_inst/CLKOUT.default_gen_clk' was determined to be a clock but was not created.
WARN  (TA1132) :  'clkDiv3/clkdiv_inst/CLKOUT.default_gen_clk' was determined to be a clock but was not created.
WARN  (TA1132) :  'clkDiv4/clkdiv_inst/CLKOUT.default_gen_clk' was determined to be a clock but was not created.
WARN  (TA1132) :  'clkDiv5/clkdiv_inst/CLKOUT.default_gen_clk' was determined to be a clock but was not created.
WARN  (TA1132) :  'clkDiv6/clkdiv_inst/CLKOUT.default_gen_clk' was determined to be a clock but was not created.
WARN  (TA1132) :  'clkDiv7/clkdiv_inst/CLKOUT.default_gen_clk' was determined to be a clock but was not created.
[50%] Placement Phase 3 completed
Running routing......
[60%] Routing Phase 0 completed
[70%] Routing Phase 1 completed
[80%] Routing Phase 2 completed
[90%] Routing Phase 3 completed
Running timing analysis......
[95%] Timing analysis completed
Placement and routing completed
Bitstream generation in progress......
Bitstream generation completed
Running power analysis......
[100%] Power analysis completed
Generate file "C:\Users\prana\Desktop\FPGA\grug_huler_clock_blink\impl\pnr\grug_huler_clock_blink.power.html" completed
Generate file "C:\Users\prana\Desktop\FPGA\grug_huler_clock_blink\impl\pnr\grug_huler_clock_blink.pin.html" completed
Generate file "C:\Users\prana\Desktop\FPGA\grug_huler_clock_blink\impl\pnr\grug_huler_clock_blink.rpt.html" completed
Generate file "C:\Users\prana\Desktop\FPGA\grug_huler_clock_blink\impl\pnr\grug_huler_clock_blink.rpt.txt" completed
Generate file "C:\Users\prana\Desktop\FPGA\grug_huler_clock_blink\impl\pnr\grug_huler_clock_blink.tr.html" completed
Thu Jun  5 13:54:57 2025

